Compiling the C compiler identification source file "CMakeCCompilerId.c" failed.
Compiler: /usr/local/eosio.cdt/bin/eosio-cc 
Build flags: ;-O3;
Id flags:  

The output was:
255
/usr/local/eosio.cdt/bin/wasm-ld: error: cannot open /tmp/CMakeCCompilerId.c.o: No such file or directory


Compiling the CXX compiler identification source file "CMakeCXXCompilerId.cpp" failed.
Compiler: /usr/local/eosio.cdt/bin/eosio-cpp 
Build flags: ;-O3;
Id flags:  

The output was:
255
/usr/local/eosio.cdt/bin/wasm-ld: error: duplicate symbol: main(int, char**)
>>> defined in /tmp/CMakeCXXCompilerId.cpp.o
>>> defined in /tmp/CMakeCXXCompilerId.cpp.o

/usr/local/eosio.cdt/bin/wasm-ld: error: duplicate symbol: info_platform
>>> defined in /tmp/CMakeCXXCompilerId.cpp.o
>>> defined in /tmp/CMakeCXXCompilerId.cpp.o

/usr/local/eosio.cdt/bin/wasm-ld: error: duplicate symbol: info_compiler
>>> defined in /tmp/CMakeCXXCompilerId.cpp.o
>>> defined in /tmp/CMakeCXXCompilerId.cpp.o

/usr/local/eosio.cdt/bin/wasm-ld: error: duplicate symbol: info_language_dialect_default
>>> defined in /tmp/CMakeCXXCompilerId.cpp.o
>>> defined in /tmp/CMakeCXXCompilerId.cpp.o

/usr/local/eosio.cdt/bin/wasm-ld: error: duplicate symbol: info_arch
>>> defined in /tmp/CMakeCXXCompilerId.cpp.o
>>> defined in /tmp/CMakeCXXCompilerId.cpp.o


Detecting C compiler ABI info failed to compile with the following output:
Change Dir: /wax/dusty/build/dusty/CMakeFiles/CMakeTmp

Run Build Command:"/usr/bin/make" "cmTC_c9b76/fast"
make[3]: Entering directory '/wax/dusty/build/dusty/CMakeFiles/CMakeTmp'
make[3]: Warning: File 'Makefile' has modification time 1.2 s in the future
/usr/bin/make -f CMakeFiles/cmTC_c9b76.dir/build.make CMakeFiles/cmTC_c9b76.dir/build
make[4]: Entering directory '/wax/dusty/build/dusty/CMakeFiles/CMakeTmp'
make[4]: Warning: File 'CMakeFiles/cmTC_c9b76.dir/flags.make' has modification time 1.1 s in the future
Building C object CMakeFiles/cmTC_c9b76.dir/CMakeCCompilerABI.c.obj
/usr/local/eosio.cdt/bin/eosio-cc    -o CMakeFiles/cmTC_c9b76.dir/CMakeCCompilerABI.c.obj   -c /usr/share/cmake-3.10/Modules/CMakeCCompilerABI.c
Linking C executable cmTC_c9b76.wasm
/usr/bin/cmake -E cmake_link_script CMakeFiles/cmTC_c9b76.dir/link.txt --verbose=1
/usr/local/eosio.cdt/bin/eosio-ld  -v CMakeFiles/cmTC_c9b76.dir/CMakeCCompilerABI.c.obj -o cmTC_c9b76.wasm 
eosio-ld: Unknown command line argument '-v'.  Try: '/usr/local/eosio.cdt/bin/eosio-ld -help'
eosio-ld: Did you mean '-L'?
CMakeFiles/cmTC_c9b76.dir/build.make:97: recipe for target 'cmTC_c9b76.wasm' failed
make[4]: *** [cmTC_c9b76.wasm] Error 1
make[4]: Leaving directory '/wax/dusty/build/dusty/CMakeFiles/CMakeTmp'
Makefile:126: recipe for target 'cmTC_c9b76/fast' failed
make[3]: *** [cmTC_c9b76/fast] Error 2
make[3]: Leaving directory '/wax/dusty/build/dusty/CMakeFiles/CMakeTmp'



Detecting C [-std=c11] compiler features failed to compile with the following output:
Change Dir: /wax/dusty/build/dusty/CMakeFiles/CMakeTmp

Run Build Command:"/usr/bin/make" "cmTC_d9d7b/fast"
make[3]: Entering directory '/wax/dusty/build/dusty/CMakeFiles/CMakeTmp'
make[3]: Warning: File 'Makefile' has modification time 1.1 s in the future
/usr/bin/make -f CMakeFiles/cmTC_d9d7b.dir/build.make CMakeFiles/cmTC_d9d7b.dir/build
make[4]: Entering directory '/wax/dusty/build/dusty/CMakeFiles/CMakeTmp'
make[4]: Warning: File 'CMakeFiles/cmTC_d9d7b.dir/flags.make' has modification time 1.1 s in the future
Building C object CMakeFiles/cmTC_d9d7b.dir/feature_tests.c.obj
/usr/local/eosio.cdt/bin/eosio-cc   -std=c11 -o CMakeFiles/cmTC_d9d7b.dir/feature_tests.c.obj   -c /wax/dusty/build/dusty/CMakeFiles/feature_tests.c
eosio-cc: Unknown command line argument '-std=c11'.  Try: '/usr/local/eosio.cdt/bin/eosio-cc -help'
eosio-cc: Did you mean '-w=c11'?
CMakeFiles/cmTC_d9d7b.dir/build.make:65: recipe for target 'CMakeFiles/cmTC_d9d7b.dir/feature_tests.c.obj' failed
make[4]: *** [CMakeFiles/cmTC_d9d7b.dir/feature_tests.c.obj] Error 1
make[4]: Leaving directory '/wax/dusty/build/dusty/CMakeFiles/CMakeTmp'
Makefile:126: recipe for target 'cmTC_d9d7b/fast' failed
make[3]: *** [cmTC_d9d7b/fast] Error 2
make[3]: Leaving directory '/wax/dusty/build/dusty/CMakeFiles/CMakeTmp'



Detecting CXX compiler ABI info failed to compile with the following output:
Change Dir: /wax/dusty/build/dusty/CMakeFiles/CMakeTmp

Run Build Command:"/usr/bin/make" "cmTC_22c80/fast"
make[3]: Entering directory '/wax/dusty/build/dusty/CMakeFiles/CMakeTmp'
make[3]: Warning: File 'Makefile' has modification time 1.2 s in the future
/usr/bin/make -f CMakeFiles/cmTC_22c80.dir/build.make CMakeFiles/cmTC_22c80.dir/build
make[4]: Entering directory '/wax/dusty/build/dusty/CMakeFiles/CMakeTmp'
make[4]: Warning: File 'CMakeFiles/cmTC_22c80.dir/flags.make' has modification time 1.1 s in the future
Building CXX object CMakeFiles/cmTC_22c80.dir/CMakeCXXCompilerABI.cpp.obj
/usr/local/eosio.cdt/bin/eosio-cpp     -o CMakeFiles/cmTC_22c80.dir/CMakeCXXCompilerABI.cpp.obj -c /usr/share/cmake-3.10/Modules/CMakeCXXCompilerABI.cpp
Linking CXX executable cmTC_22c80.wasm
/usr/bin/cmake -E cmake_link_script CMakeFiles/cmTC_22c80.dir/link.txt --verbose=1
/usr/local/eosio.cdt/bin/eosio-ld  -v CMakeFiles/cmTC_22c80.dir/CMakeCXXCompilerABI.cpp.obj -o cmTC_22c80.wasm 
eosio-ld: Unknown command line argument '-v'.  Try: '/usr/local/eosio.cdt/bin/eosio-ld -help'
eosio-ld: Did you mean '-L'?
CMakeFiles/cmTC_22c80.dir/build.make:97: recipe for target 'cmTC_22c80.wasm' failed
make[4]: *** [cmTC_22c80.wasm] Error 1
make[4]: Leaving directory '/wax/dusty/build/dusty/CMakeFiles/CMakeTmp'
Makefile:126: recipe for target 'cmTC_22c80/fast' failed
make[3]: *** [cmTC_22c80/fast] Error 2
make[3]: Leaving directory '/wax/dusty/build/dusty/CMakeFiles/CMakeTmp'



Detecting CXX [-std=c++1z] compiler features failed to compile with the following output:
Change Dir: /wax/dusty/build/dusty/CMakeFiles/CMakeTmp

Run Build Command:"/usr/bin/make" "cmTC_a3bfc/fast"
make[3]: Entering directory '/wax/dusty/build/dusty/CMakeFiles/CMakeTmp'
make[3]: Warning: File 'Makefile' has modification time 1.2 s in the future
/usr/bin/make -f CMakeFiles/cmTC_a3bfc.dir/build.make CMakeFiles/cmTC_a3bfc.dir/build
make[4]: Entering directory '/wax/dusty/build/dusty/CMakeFiles/CMakeTmp'
make[4]: Warning: File 'CMakeFiles/cmTC_a3bfc.dir/flags.make' has modification time 1.1 s in the future
Building CXX object CMakeFiles/cmTC_a3bfc.dir/feature_tests.cxx.obj
/usr/local/eosio.cdt/bin/eosio-cpp    -std=c++1z -o CMakeFiles/cmTC_a3bfc.dir/feature_tests.cxx.obj -c /wax/dusty/build/dusty/CMakeFiles/feature_tests.cxx
Linking CXX executable cmTC_a3bfc.wasm
/usr/bin/cmake -E cmake_link_script CMakeFiles/cmTC_a3bfc.dir/link.txt --verbose=1
/usr/local/eosio.cdt/bin/eosio-ld   CMakeFiles/cmTC_a3bfc.dir/feature_tests.cxx.obj -o cmTC_a3bfc.wasm 
/usr/local/eosio.cdt/bin/wasm-ld: error: fatal failure: contract with no actions and trying to create dispatcher
CMakeFiles/cmTC_a3bfc.dir/build.make:97: recipe for target 'cmTC_a3bfc.wasm' failed
make[4]: *** [cmTC_a3bfc.wasm] Error 255
make[4]: Leaving directory '/wax/dusty/build/dusty/CMakeFiles/CMakeTmp'
Makefile:126: recipe for target 'cmTC_a3bfc/fast' failed
make[3]: *** [cmTC_a3bfc/fast] Error 2
make[3]: Leaving directory '/wax/dusty/build/dusty/CMakeFiles/CMakeTmp'



